[17-11-2022 23:17:43 ERROR: Mongo connect error: MongooseError: The `uri` parameter to `openUri()` must be a string, got "object". Make sure the first parameter to `mongoose.connect()` or `mongoose.createConnection()` is a string.]
[17-11-2022 23:18:33 ERROR: Mongo connect error: MongooseError: The `uri` parameter to `openUri()` must be a string, got "object". Make sure the first parameter to `mongoose.connect()` or `mongoose.createConnection()` is a string.]
[17-11-2022 23:25:02 ERROR: productControler.js | updateProduct(): TypeError: Cannot destructure property 'timestamp' of 'req.body' as it is undefined.]
[17-11-2022 23:29:25 ERROR: productControler.js | updateProduct(): TypeError: Cannot destructure property 'timestamp' of 'req.body' as it is undefined.]
[17-11-2022 23:29:41 ERROR: productControler.js | updateProduct(): TypeError: Cannot destructure property 'name' of 'req.body' as it is undefined.]
[17-11-2022 23:30:20 ERROR: productControler.js | updateProduct(): TypeError: Cannot destructure property 'name' of 'req.body' as it is undefined.]
[17-11-2022 23:30:33 ERROR: productControler.js | updateProduct(): TypeError: Cannot destructure property 'name' of 'req.body' as it is undefined.]
[17-11-2022 23:33:57 ERROR: productControler.js | updateProduct(): TypeError: Cannot destructure property 'name' of 'req.body' as it is undefined.]
[17-11-2022 23:36:43 ERROR: productControler.js | updateProduct(): TypeError: Cannot destructure property 'name' of 'req.body' as it is undefined.]
[17-11-2022 23:38:05 ERROR: productControler.js | updateProduct(): TypeError: Cannot destructure property 'name' of 'req.body' as it is undefined.]
[17-11-2022 23:40:31 ERROR: productControler.js | updateProduct(): TypeError: Cannot destructure property 'name' of 'req.body' as it is undefined.]
[17-11-2022 23:41:17 ERROR: productControler.js | updateProduct(): TypeError: Cannot destructure property 'name' of 'req.body' as it is undefined.]
[17-11-2022 23:43:21 ERROR: productControler.js | updateProduct(): TypeError: Cannot destructure property 'name' of 'req.body' as it is undefined.]
[17-11-2022 23:49:14 ERROR: productControler.js | updateProduct(): TypeError: Cannot destructure property 'name' of 'req.body' as it is undefined.]
[17-11-2022 23:50:45 ERROR: productControler.js | updateProduct(): TypeError: Cannot destructure property 'name' of 'req.body' as it is undefined.]
[17-11-2022 23:57:58 ERROR: productControler.js | updateProduct(): ReferenceError: newProduct is not defined]
[18-11-2022 00:00:06 ERROR: productControler.js | updateProduct(): ReferenceError: newProduct is not defined]
[18-11-2022 00:00:19 ERROR: productControler.js | updateProduct(): TypeError: productValidator is not a function]
[18-11-2022 00:03:44 ERROR: productControler.js | updateProduct(): Error al modificado el producto]
[18-11-2022 00:07:31 ERROR: productControler.js | updateProduct(): TypeError: Assignment to constant variable.]
[18-11-2022 00:08:08 ERROR: productControler.js | updateProduct(): undefined]
[18-11-2022 00:09:31 ERROR: productControler.js | updateProduct(): undefined]
[18-11-2022 00:09:57 ERROR: productControler.js | updateProduct(): undefined]
[18-11-2022 00:11:47 ERROR: productControler.js | updateProduct(): Ingrese los datos correctamente]
[18-11-2022 00:12:15 ERROR: productControler.js | updateProduct(): Ingrese los datos correctamente]
[18-11-2022 00:14:55 ERROR: productControler.js | updateProduct(): Error al modificado el producto]
[18-11-2022 00:17:54 ERROR: productControler.js | updateProduct(): Error al modificado el producto]
[18-11-2022 23:37:44 ERROR: productControler.js | updateProduct(): ReferenceError: clg is not defined]
[18-11-2022 23:37:59 ERROR: productControler.js | updateProduct(): Error al modificado el producto]
[18-11-2022 23:38:57 ERROR: productControler.js | updateProduct(): Error al modificado el producto]
[18-11-2022 23:39:49 ERROR: productControler.js | updateProduct(): Error al modificado el producto]
[18-11-2022 23:40:23 ERROR: productControler.js | updateProduct(): Error al modificado el producto]
[18-11-2022 23:40:37 ERROR: productControler.js | updateProduct(): Error al modificado el producto]
[18-11-2022 23:41:38 ERROR: productControler.js | updateProduct(): Ingrese los datos correctamente]
[18-11-2022 23:42:36 ERROR: productControler.js | updateProduct(): Ingrese los datos correctamente]
[18-11-2022 23:42:43 ERROR: productControler.js | updateProduct(): Ingrese los datos correctamente]
[18-11-2022 23:42:51 ERROR: productControler.js | updateProduct(): Ingrese los datos correctamente]
[18-11-2022 23:42:56 ERROR: productControler.js | updateProduct(): Ingrese los datos correctamente]
[18-11-2022 23:43:03 ERROR: productControler.js | updateProduct(): Ingrese los datos correctamente]
[18-11-2022 23:43:18 ERROR: productControler.js | updateProduct(): Error al modificado el producto]
[18-11-2022 23:43:52 ERROR: productControler.js | updateProduct(): Ingrese los datos correctamente]
[18-11-2022 23:44:49 ERROR: productControler.js | updateProduct(): Error al modificado el producto]
[18-11-2022 23:45:13 ERROR: productControler.js | updateProduct(): Error al modificado el producto]
[18-11-2022 23:48:15 ERROR: productControler.js | updateProduct(): Error al modificado el producto]
[18-11-2022 23:50:52 ERROR: productControler.js | updateProduct(): Error al modificado el producto]
[18-11-2022 23:51:19 ERROR: productControler.js | updateProduct(): Error al modificado el producto]
[18-11-2022 23:51:35 ERROR: productControler.js | updateProduct(): Error al modificado el producto]
[18-11-2022 23:51:52 ERROR: productControler.js | updateProduct(): Error al modificado el producto]
[18-11-2022 23:52:24 ERROR: productControler.js | updateProduct(): Error al modificado el producto]
[18-11-2022 23:52:34 ERROR: productControler.js | updateProduct(): Error al modificado el producto]
[18-11-2022 23:52:49 ERROR: productControler.js | updateProduct(): Error al modificado el producto]
[18-11-2022 23:55:16 ERROR: productControler.js | updateProduct(): Error al modificado el producto]
[19-11-2022 10:46:44 ERROR: productControler.js | updateProduct(): Error al modificado el producto]
[19-11-2022 10:53:34 ERROR: productControler.js | updateProduct(): Ingrese los datos correctamente]
[19-11-2022 11:08:38 ERROR: productControler.js | deleteProduct(): CastError: Cast to ObjectId failed for value "6" (type string) at path "_id" for model "Products"]
[19-11-2022 11:10:47 ERROR: productControler.js | deleteProduct(): undefined]
[19-11-2022 11:16:10 ERROR: productControler.js | deleteProduct(): No se pudo eliminar el producto]
