[05-12-2022 23:27:09 WARN: Ruta /favicon.ico no encontrada]
[11-12-2022 15:24:44 WARN: Ruta / no encontrada]
[11-12-2022 15:24:44 WARN: Ruta /public/logo.png no encontrada]
[11-12-2022 15:24:44 WARN: Ruta /public/logo.png no encontrada]
[11-12-2022 15:35:34 WARN: Ruta / no encontrada]
[11-12-2022 15:36:33 WARN: Ruta / no encontrada]
[11-12-2022 15:37:04 WARN: Ruta / no encontrada]
[11-12-2022 15:37:06 WARN: Ruta / no encontrada]
[11-12-2022 15:37:07 WARN: Ruta / no encontrada]
[11-12-2022 15:37:07 WARN: Ruta / no encontrada]
[11-12-2022 15:37:08 WARN: Ruta / no encontrada]
[11-12-2022 15:37:08 WARN: Ruta / no encontrada]
[11-12-2022 15:38:03 WARN: Ruta / no encontrada]
[11-12-2022 15:38:06 WARN: Ruta / no encontrada]
[11-12-2022 15:38:27 WARN: Ruta / no encontrada]
[11-12-2022 15:40:02 WARN: Ruta /api/public/favicon.ico no encontrada]
[11-12-2022 15:40:09 WARN: Ruta /product no encontrada]
[11-12-2022 15:41:20 WARN: Ruta /product no encontrada]
[11-12-2022 15:41:30 WARN: Ruta /api/public/favicon.ico no encontrada]
[11-12-2022 15:56:49 WARN: Ruta /api/public/favicon.ico no encontrada]
[11-12-2022 15:57:02 WARN: Ruta /api/public/favicon.ico no encontrada]
[11-12-2022 15:57:41 WARN: Ruta /api/public/favicon.ico no encontrada]
[11-12-2022 15:58:33 WARN: Ruta /api/public/favicon.ico no encontrada]
[11-12-2022 15:58:45 WARN: Ruta /api/public/favicon.ico no encontrada]
[11-12-2022 16:00:22 WARN: Ruta /api/public/favicon.ico no encontrada]
[11-12-2022 16:04:07 WARN: Ruta /favicon.ico no encontrada]
[11-12-2022 16:05:52 WARN: Ruta /favicon.ico no encontrada]
[11-12-2022 16:06:14 WARN: Ruta /favicon.ico no encontrada]
[11-12-2022 16:25:31 WARN: Ruta /api/public/favicon.ico no encontrada]
[11-12-2022 16:26:06 WARN: Ruta /api/public/favicon.ico no encontrada]
[11-12-2022 16:26:14 WARN: Ruta /api/productos-test/product/form/ no encontrada]
[11-12-2022 16:26:14 WARN: Ruta /api/productos-test/public/style.css no encontrada]
[11-12-2022 16:26:14 WARN: Ruta /api/productos-test/public/index.js no encontrada]
[11-12-2022 16:26:14 WARN: Ruta /api/productos-test/product/public/favicon.ico no encontrada]
[11-12-2022 16:26:41 WARN: Ruta /api/public/favicon.ico no encontrada]
[11-12-2022 16:31:05 WARN: Ruta /product no encontrada]
[11-12-2022 16:31:07 WARN: Ruta /api/public/favicon.ico no encontrada]
[11-12-2022 16:31:38 WARN: Ruta /api/productos-test/product/form/ no encontrada]
[11-12-2022 16:31:38 WARN: Ruta /api/productos-test/public/style.css no encontrada]
[11-12-2022 16:31:38 WARN: Ruta /api/productos-test/public/index.js no encontrada]
[11-12-2022 16:31:38 WARN: Ruta /api/productos-test/product/public/favicon.ico no encontrada]
[11-12-2022 16:32:08 WARN: Ruta /api/public/favicon.ico no encontrada]
[11-12-2022 16:32:13 WARN: Ruta /api/productos-test/form/ no encontrada]
[11-12-2022 16:32:13 WARN: Ruta /api/public/style.css no encontrada]
[11-12-2022 16:32:13 WARN: Ruta /api/public/index.js no encontrada]
[11-12-2022 16:32:13 WARN: Ruta /api/productos-test/public/favicon.ico no encontrada]
[11-12-2022 16:32:52 WARN: Ruta /api/productos-test/form/ no encontrada]
[11-12-2022 16:32:52 WARN: Ruta /api/public/style.css no encontrada]
[11-12-2022 16:32:52 WARN: Ruta /api/public/index.js no encontrada]
[11-12-2022 16:32:52 WARN: Ruta /api/productos-test/public/favicon.ico no encontrada]
[11-12-2022 16:33:01 WARN: Ruta /api/public/favicon.ico no encontrada]
[11-12-2022 16:33:01 WARN: Ruta /api/productos-test/form/ no encontrada]
[11-12-2022 16:33:01 WARN: Ruta /api/public/style.css no encontrada]
[11-12-2022 16:33:01 WARN: Ruta /api/public/index.js no encontrada]
[11-12-2022 16:33:01 WARN: Ruta /api/productos-test/public/favicon.ico no encontrada]
[11-12-2022 16:34:57 WARN: Ruta /api/public/favicon.ico no encontrada]
[11-12-2022 16:36:30 WARN: Ruta /api/productos-test/form/ no encontrada]
[11-12-2022 16:36:30 WARN: Ruta /api/public/style.css no encontrada]
[11-12-2022 16:36:30 WARN: Ruta /api/public/index.js no encontrada]
[11-12-2022 16:36:30 WARN: Ruta /api/productos-test/public/favicon.ico no encontrada]
[11-12-2022 16:37:11 WARN: Ruta /api/public/favicon.ico no encontrada]
[11-12-2022 16:37:16 WARN: Ruta /api/productos-test/form/ no encontrada]
[11-12-2022 16:37:19 WARN: Ruta /api/public/style.css no encontrada]
[11-12-2022 16:37:19 WARN: Ruta /api/public/index.js no encontrada]
[11-12-2022 16:37:19 WARN: Ruta /api/productos-test/public/favicon.ico no encontrada]
[11-12-2022 16:40:03 WARN: Ruta /api/productos-test/form/ no encontrada]
[11-12-2022 16:40:03 WARN: Ruta /api/public/style.css no encontrada]
[11-12-2022 16:40:03 WARN: Ruta /api/public/index.js no encontrada]
[11-12-2022 16:43:42 WARN: Ruta /api/productos-test/form/ no encontrada]
[11-12-2022 16:43:42 WARN: Ruta /api/public/style.css no encontrada]
[11-12-2022 16:43:42 WARN: Ruta /api/public/index.js no encontrada]
[11-12-2022 16:43:42 WARN: Ruta /api/productos-test/public/favicon.ico no encontrada]
[11-12-2022 16:43:57 WARN: Ruta /api/productos-test/form/ no encontrada]
[11-12-2022 16:43:57 WARN: Ruta /api/public/style.css no encontrada]
[11-12-2022 16:43:57 WARN: Ruta /api/public/index.js no encontrada]
[11-12-2022 16:43:57 WARN: Ruta /api/productos-test/public/favicon.ico no encontrada]
[11-12-2022 16:45:02 WARN: Ruta /api/productos-test/form/ no encontrada]
[11-12-2022 16:45:02 WARN: Ruta /api/public/style.css no encontrada]
[11-12-2022 16:45:02 WARN: Ruta /api/public/index.js no encontrada]
[11-12-2022 16:45:02 WARN: Ruta /api/productos-test/public/favicon.ico no encontrada]
[11-12-2022 16:45:13 WARN: Ruta /api/productos-test/form/ no encontrada]
[11-12-2022 16:45:13 WARN: Ruta /api/public/style.css no encontrada]
[11-12-2022 16:45:13 WARN: Ruta /api/public/index.js no encontrada]
[11-12-2022 16:45:13 WARN: Ruta /api/productos-test/public/favicon.ico no encontrada]
[11-12-2022 16:45:20 WARN: Ruta /api/public/favicon.ico no encontrada]
[11-12-2022 16:45:22 WARN: Ruta /api/productos-test/form/ no encontrada]
[11-12-2022 16:45:22 WARN: Ruta /api/public/style.css no encontrada]
[11-12-2022 16:45:22 WARN: Ruta /api/public/index.js no encontrada]
[11-12-2022 16:45:22 WARN: Ruta /api/productos-test/public/favicon.ico no encontrada]
[11-12-2022 16:48:06 WARN: Ruta /api/public/style.css no encontrada]
[11-12-2022 16:48:06 WARN: Ruta /api/public/index.js no encontrada]
[11-12-2022 16:48:06 WARN: Ruta /api/productos-test/public/favicon.ico no encontrada]
[11-12-2022 16:49:16 WARN: Ruta /api/public/style.css no encontrada]
[11-12-2022 16:49:16 WARN: Ruta /api/public/index.js no encontrada]
[11-12-2022 16:49:16 WARN: Ruta /api/productos-test/public/favicon.ico no encontrada]
[11-12-2022 16:49:33 WARN: Ruta /api/public/favicon.ico no encontrada]
[11-12-2022 16:49:36 WARN: Ruta /api/public/favicon.ico no encontrada]
[11-12-2022 16:49:56 WARN: Ruta /api/public/style.css no encontrada]
[11-12-2022 16:49:56 WARN: Ruta /api/public/index.js no encontrada]
[11-12-2022 16:49:56 WARN: Ruta /api/productos-test/public/favicon.ico no encontrada]
[11-12-2022 16:49:59 WARN: Ruta /api/public/favicon.ico no encontrada]
[11-12-2022 16:50:05 WARN: Ruta /api/public/style.css no encontrada]
[11-12-2022 16:50:05 WARN: Ruta /api/public/index.js no encontrada]
[11-12-2022 16:50:05 WARN: Ruta /api/productos-test/public/favicon.ico no encontrada]
[11-12-2022 16:50:10 WARN: Ruta /api/public/favicon.ico no encontrada]
[11-12-2022 16:50:44 WARN: Ruta /api/public/style.css no encontrada]
[11-12-2022 16:50:44 WARN: Ruta /api/public/index.js no encontrada]
[11-12-2022 16:50:44 WARN: Ruta /api/productos-test/public/favicon.ico no encontrada]
[11-12-2022 16:50:45 WARN: Ruta /api/public/style.css no encontrada]
[11-12-2022 16:50:45 WARN: Ruta /api/public/index.js no encontrada]
[11-12-2022 16:50:46 WARN: Ruta /api/productos-test/public/favicon.ico no encontrada]
[11-12-2022 16:51:30 WARN: Ruta /api/public/favicon.ico no encontrada]
[11-12-2022 16:51:34 WARN: Ruta /api/public/favicon.ico no encontrada]
[11-12-2022 16:51:37 WARN: Ruta /api/public/style.css no encontrada]
[11-12-2022 16:51:37 WARN: Ruta /api/public/index.js no encontrada]
[11-12-2022 16:51:37 WARN: Ruta /api/productos-test/public/favicon.ico no encontrada]
[11-12-2022 16:51:41 WARN: Ruta /api/public/favicon.ico no encontrada]
[11-12-2022 16:52:04 WARN: Ruta /api/public/style.css no encontrada]
[11-12-2022 16:52:04 WARN: Ruta /api/public/index.js no encontrada]
[11-12-2022 16:52:04 WARN: Ruta /api/productos-test/public/favicon.ico no encontrada]
[11-12-2022 16:52:07 WARN: Ruta /api/public/favicon.ico no encontrada]
[11-12-2022 16:52:37 WARN: Ruta /api/public/style.css no encontrada]
[11-12-2022 16:52:37 WARN: Ruta /api/public/index.js no encontrada]
[11-12-2022 16:52:37 WARN: Ruta /api/productos-test/public/favicon.ico no encontrada]
[11-12-2022 16:52:39 WARN: Ruta /api/public/favicon.ico no encontrada]
[11-12-2022 16:53:16 WARN: Ruta /api/public/favicon.ico no encontrada]
[11-12-2022 16:53:18 WARN: Ruta /api/productos-test/form/ no encontrada]
[11-12-2022 16:53:18 WARN: Ruta /api/public/style.css no encontrada]
[11-12-2022 16:53:18 WARN: Ruta /api/public/index.js no encontrada]
[11-12-2022 16:53:18 WARN: Ruta /api/productos-test/public/favicon.ico no encontrada]
[11-12-2022 16:53:37 WARN: Ruta /api/public/favicon.ico no encontrada]
[11-12-2022 16:54:03 WARN: Ruta /api/public/favicon.ico no encontrada]
[11-12-2022 16:54:03 WARN: Ruta /api/public/style.css no encontrada]
[11-12-2022 16:54:03 WARN: Ruta /api/public/index.js no encontrada]
[11-12-2022 16:54:03 WARN: Ruta /api/productos-test/public/favicon.ico no encontrada]
[11-12-2022 16:54:43 WARN: Ruta /api/public/favicon.ico no encontrada]
[11-12-2022 16:54:45 WARN: Ruta /api/public/style.css no encontrada]
[11-12-2022 16:54:45 WARN: Ruta /api/public/index.js no encontrada]
[11-12-2022 16:54:45 WARN: Ruta /api/productos-test/public/favicon.ico no encontrada]
[11-12-2022 16:55:37 WARN: Ruta /api/public/favicon.ico no encontrada]
[11-12-2022 16:55:39 WARN: Ruta /api/public/style.css no encontrada]
[11-12-2022 16:55:39 WARN: Ruta /api/public/index.js no encontrada]
[11-12-2022 16:55:39 WARN: Ruta /api/productos-test/public/favicon.ico no encontrada]
[11-12-2022 16:55:56 WARN: Ruta /api/public/favicon.ico no encontrada]
[11-12-2022 16:57:54 WARN: Ruta /api/public/style.css no encontrada]
[11-12-2022 16:57:54 WARN: Ruta /api/public/index.js no encontrada]
[11-12-2022 16:57:54 WARN: Ruta /api/productos-test/public/favicon.ico no encontrada]
[11-12-2022 16:58:48 WARN: Ruta /api/public/style.css no encontrada]
[11-12-2022 16:58:48 WARN: Ruta /api/public/index.js no encontrada]
[11-12-2022 16:58:48 WARN: Ruta /api/productos-test/public/favicon.ico no encontrada]
[11-12-2022 16:59:42 WARN: Ruta /api/public/style.css no encontrada]
[11-12-2022 16:59:42 WARN: Ruta /api/public/index.js no encontrada]
[11-12-2022 16:59:42 WARN: Ruta /api/productos-test/public/favicon.ico no encontrada]
[11-12-2022 17:00:25 WARN: Ruta /api/public/style.css no encontrada]
[11-12-2022 17:00:25 WARN: Ruta /api/public/index.js no encontrada]
[11-12-2022 17:00:25 WARN: Ruta /api/productos-test/public/favicon.ico no encontrada]
[11-12-2022 17:00:27 WARN: Ruta /api/public/favicon.ico no encontrada]
[11-12-2022 17:00:31 WARN: Ruta /api/public/style.css no encontrada]
[11-12-2022 17:00:31 WARN: Ruta /api/public/index.js no encontrada]
[11-12-2022 17:00:31 WARN: Ruta /api/productos-test/public/favicon.ico no encontrada]
[11-12-2022 17:00:47 WARN: Ruta /api/public/style.css no encontrada]
[11-12-2022 17:00:47 WARN: Ruta /api/public/index.js no encontrada]
[11-12-2022 17:01:50 WARN: Ruta /api/public/favicon.ico no encontrada]
[11-12-2022 17:01:58 WARN: Ruta /api/public/style.css no encontrada]
[11-12-2022 17:01:58 WARN: Ruta /api/public/index.js no encontrada]
[11-12-2022 17:01:58 WARN: Ruta /api/productos-test/public/favicon.ico no encontrada]
[11-12-2022 17:02:00 WARN: Ruta /api/public/favicon.ico no encontrada]
[11-12-2022 17:03:50 WARN: Ruta /api/public/style.css no encontrada]
[11-12-2022 17:03:50 WARN: Ruta /api/public/index.js no encontrada]
[11-12-2022 17:03:50 WARN: Ruta /api/productos-test/public/favicon.ico no encontrada]
[11-12-2022 17:04:32 WARN: Ruta /api/public/favicon.ico no encontrada]
[11-12-2022 17:05:42 WARN: Ruta /api/public/style.css no encontrada]
[11-12-2022 17:05:42 WARN: Ruta /api/public/index.js no encontrada]
[11-12-2022 17:05:42 WARN: Ruta /api/public/favicon.ico no encontrada]
[11-12-2022 17:06:13 WARN: Ruta /api/public/style.css no encontrada]
[11-12-2022 17:06:13 WARN: Ruta /api/public/index.js no encontrada]
[11-12-2022 17:06:13 WARN: Ruta /api/public/favicon.ico no encontrada]
[11-12-2022 17:06:14 WARN: Ruta /api/public/style.css no encontrada]
[11-12-2022 17:06:15 WARN: Ruta /api/public/index.js no encontrada]
[11-12-2022 17:06:15 WARN: Ruta /api/public/favicon.ico no encontrada]
[11-12-2022 17:06:15 WARN: Ruta /api/public/style.css no encontrada]
[11-12-2022 17:06:15 WARN: Ruta /api/public/index.js no encontrada]
[11-12-2022 17:06:15 WARN: Ruta /api/public/favicon.ico no encontrada]
[11-12-2022 17:06:15 WARN: Ruta /api/public/style.css no encontrada]
[11-12-2022 17:06:15 WARN: Ruta /api/public/index.js no encontrada]
[11-12-2022 17:06:16 WARN: Ruta /api/public/favicon.ico no encontrada]
[11-12-2022 17:06:16 WARN: Ruta /api/public/style.css no encontrada]
[11-12-2022 17:06:16 WARN: Ruta /api/public/index.js no encontrada]
[11-12-2022 17:06:16 WARN: Ruta /api/public/favicon.ico no encontrada]
[11-12-2022 17:06:16 WARN: Ruta /api/public/style.css no encontrada]
[11-12-2022 17:06:16 WARN: Ruta /api/public/index.js no encontrada]
[11-12-2022 17:06:16 WARN: Ruta /api/public/style.css no encontrada]
[11-12-2022 17:06:16 WARN: Ruta /api/public/index.js no encontrada]
[11-12-2022 17:06:16 WARN: Ruta /api/public/style.css no encontrada]
[11-12-2022 17:06:16 WARN: Ruta /api/public/index.js no encontrada]
[11-12-2022 17:06:16 WARN: Ruta /api/public/style.css no encontrada]
[11-12-2022 17:06:16 WARN: Ruta /api/public/index.js no encontrada]
[11-12-2022 17:06:16 WARN: Ruta /api/public/favicon.ico no encontrada]
[11-12-2022 17:06:23 WARN: Ruta /api/public/style.css no encontrada]
[11-12-2022 17:06:23 WARN: Ruta /api/public/index.js no encontrada]
[11-12-2022 17:06:23 WARN: Ruta /api/public/favicon.ico no encontrada]
[11-12-2022 17:07:59 WARN: Ruta /api/public/style.css no encontrada]
[11-12-2022 17:07:59 WARN: Ruta /api/public/index.js no encontrada]
[11-12-2022 17:07:59 WARN: Ruta /api/public/favicon.ico no encontrada]
[11-12-2022 17:14:05 WARN: Ruta /api/form/3 no encontrada]
[11-12-2022 17:14:05 WARN: Ruta /api/public/favicon.ico no encontrada]
[11-12-2022 17:14:53 WARN: Ruta /api/productos-testform/1 no encontrada]
[11-12-2022 17:14:53 WARN: Ruta /api/public/favicon.ico no encontrada]
[11-12-2022 17:15:05 WARN: Ruta /api/public/style.css no encontrada]
[11-12-2022 17:15:05 WARN: Ruta /api/public/index.js no encontrada]
[11-12-2022 17:15:05 WARN: Ruta /api/productos-test/public/favicon.ico no encontrada]
[11-12-2022 17:16:12 WARN: Ruta /api/public/style.css no encontrada]
[11-12-2022 17:16:12 WARN: Ruta /api/public/index.js no encontrada]
[11-12-2022 17:16:12 WARN: Ruta /api/productos-test/public/favicon.ico no encontrada]
[11-12-2022 17:27:40 WARN: Ruta /api/public/style.css no encontrada]
[11-12-2022 17:27:40 WARN: Ruta /api/public/index.js no encontrada]
[11-12-2022 17:27:40 WARN: Ruta /api/productos-test/public/favicon.ico no encontrada]
[11-12-2022 17:27:49 WARN: Ruta /api/public/style.css no encontrada]
[11-12-2022 17:27:49 WARN: Ruta /api/public/index.js no encontrada]
[11-12-2022 17:27:49 WARN: Ruta /api/productos-test/public/favicon.ico no encontrada]
[11-12-2022 17:29:28 WARN: Ruta //form/4 no encontrada]
[11-12-2022 17:29:29 WARN: Ruta //public/favicon.ico no encontrada]
[11-12-2022 17:38:21 WARN: Ruta /product/1 no encontrada]
[11-12-2022 17:39:59 WARN: Ruta /product/3 no encontrada]
[11-12-2022 17:40:22 WARN: Ruta /product/3 no encontrada]
[11-12-2022 17:41:24 WARN: Ruta /product/3 no encontrada]
[12-12-2022 11:16:31 WARN: Ruta /cart/product/4 no encontrada]
[12-12-2022 11:19:09 WARN: Ruta /cart/product/4 no encontrada]
[12-12-2022 11:19:42 WARN: Ruta /product no encontrada]
[12-12-2022 11:24:44 WARN: Ruta /api/random no encontrada]
[12-12-2022 11:28:54 WARN: Ruta /product no encontrada]
[12-12-2022 11:29:06 WARN: Ruta /product no encontrada]
[12-12-2022 11:33:16 WARN: Ruta /product no encontrada]
[12-12-2022 11:34:54 WARN: Ruta /product no encontrada]
[12-12-2022 11:35:10 WARN: Ruta /product no encontrada]
[12-12-2022 12:30:53 WARN: Ruta /ADASDSADSADSADSAD no encontrada]
[12-12-2022 12:31:58 WARN: Ruta /ADASDSADSADSADSAD no encontrada]
[12-12-2022 12:32:50 WARN: Ruta /ADASDSADSADSADSAD no encontrada]
[12-12-2022 12:33:35 WARN: Ruta /ADASDSADSADSADSAD no encontrada]
[12-12-2022 12:34:17 WARN: Ruta /ADASDSADSADSADSAD no encontrada]
[12-12-2022 12:34:59 WARN: Ruta /ADASDSADSADSADSAD no encontrada]
[12-12-2022 12:36:02 WARN: Ruta /ADASDSADSADSADSAD no encontrada]
[12-12-2022 12:46:31 WARN: Ruta /api/random no encontrada]
[12-12-2022 12:51:52 WARN: Ruta /login no encontrada]
[12-12-2022 13:20:16 WARN: Ruta /signup no encontrada]
[12-12-2022 13:25:56 WARN: Ruta /signup no encontrada]
[12-12-2022 13:25:59 WARN: Ruta /signup no encontrada]
[12-12-2022 13:43:15 WARN: Ruta /api/random no encontrada]
[12-12-2022 14:26:09 WARN: Ruta /favicon.ico no encontrada]
[12-12-2022 16:53:47 WARN: Ruta /form/ no encontrada]
[12-12-2022 16:54:04 WARN: Ruta /form/ no encontrada]
[12-12-2022 17:02:05 WARN: Ruta /form/ no encontrada]
[12-12-2022 17:04:17 WARN: Ruta /adasdasdasd no encontrada]
[12-12-2022 17:05:10 WARN: Ruta /adasdasdasd no encontrada]
[12-12-2022 17:05:30 WARN: Ruta /adasdasdasd no encontrada]
[12-12-2022 17:09:05 WARN: Ruta /favicon.ico no encontrada]
[12-12-2022 17:09:14 WARN: Ruta /favicon.ico no encontrada]
[12-12-2022 17:09:17 WARN: Ruta /favicon.ico no encontrada]
